<?xml version="1.0" encoding="UTF-8"?>
<!-- Generated by org.testng.reporters.JUnitXMLReporter -->
<testsuite ignored="1" hostname="saurabhkumar14" failures="0" tests="1" name="Default test" time="49.302" errors="0" timestamp="2021-02-11T17:28:36 IST">
  <testcase classname="TestFile.SignIn_Test" name="ValidSignIn" time="48.394"/>
  <testcase classname="TestFile.SignIn_Test" name="InvalidSignIn" time="0.0">
    <ignored/>
  </testcase> <!-- InvalidSignIn -->
</testsuite> <!-- Default test -->
