<?xml version="1.0" encoding="UTF-8"?>
<testng-results ignored="1" total="2" passed="1" failed="0" skipped="0">
  <reporter-output>
  </reporter-output>
  <suite started-at="2021-02-11T17:27:47 IST" name="Default suite" finished-at="2021-02-11T17:28:36 IST" duration-ms="49302">
    <groups>
    </groups>
    <test started-at="2021-02-11T17:27:47 IST" name="Default test" finished-at="2021-02-11T17:28:36 IST" duration-ms="49302">
      <class name="TestFile.SignIn_Test">
        <test-method is-config="true" signature="setExtent()[pri:0, instance:TestFile.SignIn_Test@618c5d94]" started-at="2021-02-11T17:27:47 IST" name="setExtent" finished-at="2021-02-11T17:27:47 IST" duration-ms="85" status="PASS">
          <reporter-output>
          </reporter-output>
        </test-method> <!-- setExtent -->
        <test-method signature="ValidSignIn()[pri:0, instance:TestFile.SignIn_Test@618c5d94]" started-at="2021-02-11T17:27:47 IST" name="ValidSignIn" finished-at="2021-02-11T17:28:35 IST" duration-ms="48394" status="PASS">
          <reporter-output>
          </reporter-output>
        </test-method> <!-- ValidSignIn -->
        <test-method is-config="true" signature="closeBrowser(org.testng.ITestResult)[pri:0, instance:TestFile.SignIn_Test@618c5d94]" started-at="2021-02-11T17:28:35 IST" name="closeBrowser" finished-at="2021-02-11T17:28:36 IST" duration-ms="599" status="PASS">
          <params>
            <param index="0">
              <value>
                <![CDATA[[TestResult name=ValidSignIn status=SUCCESS method=SignIn_Test.ValidSignIn()[pri:0, instance:TestFile.SignIn_Test@618c5d94] output={null}]]]>
              </value>
            </param>
          </params>
          <reporter-output>
          </reporter-output>
        </test-method> <!-- closeBrowser -->
        <test-method is-config="true" signature="endReport()[pri:0, instance:TestFile.SignIn_Test@618c5d94]" started-at="2021-02-11T17:28:36 IST" name="endReport" finished-at="2021-02-11T17:28:36 IST" duration-ms="190" status="PASS">
          <reporter-output>
          </reporter-output>
        </test-method> <!-- endReport -->
      </class> <!-- TestFile.SignIn_Test -->
    </test> <!-- Default test -->
  </suite> <!-- Default suite -->
</testng-results>
